0 info it worked if it ends with ok
1 verbose cli [ '/usr/local/Cellar/node/5.7.0/bin/node',
1 verbose cli   '/usr/local/bin/npm',
1 verbose cli   'publish' ]
2 info using npm@3.6.0
3 info using node@v5.7.0
4 verbose publish [ '.' ]
5 silly cache add args [ '.', null ]
6 verbose cache add spec .
7 silly cache add parsed spec Result {
7 silly cache add   raw: '.',
7 silly cache add   scope: null,
7 silly cache add   name: null,
7 silly cache add   rawSpec: '.',
7 silly cache add   spec: '/Users/parmactep/www/public/classname-mixin',
7 silly cache add   type: 'directory' }
8 verbose addLocalDirectory /Users/parmactep/.npm/classname-mixin/0.0.1/package.tgz not in flight; packing
9 verbose correctMkdir /Users/parmactep/.npm correctMkdir not in flight; initializing
10 info lifecycle classname-mixin@0.0.1~prepublish: classname-mixin@0.0.1
11 silly lifecycle classname-mixin@0.0.1~prepublish: no script for prepublish, continuing
12 verbose tar pack [ '/Users/parmactep/.npm/classname-mixin/0.0.1/package.tgz',
12 verbose tar pack   '/Users/parmactep/www/public/classname-mixin' ]
13 verbose tarball /Users/parmactep/.npm/classname-mixin/0.0.1/package.tgz
14 verbose folder /Users/parmactep/www/public/classname-mixin
15 verbose addLocalTarball adding from inside cache /Users/parmactep/.npm/classname-mixin/0.0.1/package.tgz
16 verbose correctMkdir /Users/parmactep/.npm correctMkdir not in flight; initializing
17 silly cache afterAdd classname-mixin@0.0.1
18 verbose afterAdd /Users/parmactep/.npm/classname-mixin/0.0.1/package/package.json not in flight; writing
19 verbose correctMkdir /Users/parmactep/.npm correctMkdir not in flight; initializing
20 verbose afterAdd /Users/parmactep/.npm/classname-mixin/0.0.1/package/package.json written
21 silly publish { name: 'classname-mixin',
21 silly publish   version: '0.0.1',
21 silly publish   description: 'react mixin to build and apply classnames including props classNames',
21 silly publish   main: 'index.js',
21 silly publish   keywords: [ 'react', 'mixin', 'css', 'classes', 'classname', 'classnames' ],
21 silly publish   author: { name: 'parmactep' },
21 silly publish   license: 'MIT',
21 silly publish   repository:
21 silly publish    { type: 'git',
21 silly publish      url: 'git+https://github.com/parmactep/classname-mixin.git' },
21 silly publish   dependencies: { classnames: '^2.2.3' },
21 silly publish   readme: '# classname-mixin\n',
21 silly publish   readmeFilename: 'README.md',
21 silly publish   gitHead: 'e2c809b9b6a28aa66f82c90826dda2ac87fb8412',
21 silly publish   bugs: { url: 'https://github.com/parmactep/classname-mixin/issues' },
21 silly publish   homepage: 'https://github.com/parmactep/classname-mixin#readme',
21 silly publish   _id: 'classname-mixin@0.0.1',
21 silly publish   scripts: {},
21 silly publish   _shasum: '63c50d405fc36cb86db229fecd6eda1fb7f6e7b0',
21 silly publish   _from: '.' }
22 verbose getPublishConfig undefined
23 silly mapToRegistry name classname-mixin
24 silly mapToRegistry using default registry
25 silly mapToRegistry registry https://registry.npmjs.org/
26 silly mapToRegistry uri https://registry.npmjs.org/classname-mixin
27 verbose publish registryBase https://registry.npmjs.org/
28 silly publish uploading /Users/parmactep/.npm/classname-mixin/0.0.1/package.tgz
29 verbose request uri https://registry.npmjs.org/classname-mixin
30 verbose request sending authorization for write operation
31 info attempt registry request try #1 at 03:22:48
32 verbose request using bearer token for auth
33 verbose request id 95b69e68cc4a0d66
34 http request PUT https://registry.npmjs.org/classname-mixin
35 http 403 https://registry.npmjs.org/classname-mixin
36 verbose headers { 'content-type': 'application/json',
36 verbose headers   'cache-control': 'max-age=300',
36 verbose headers   'content-length': '95',
36 verbose headers   'accept-ranges': 'bytes',
36 verbose headers   date: 'Thu, 31 Mar 2016 00:22:49 GMT',
36 verbose headers   via: '1.1 varnish',
36 verbose headers   connection: 'keep-alive',
36 verbose headers   'x-served-by': 'cache-fra1228-FRA',
36 verbose headers   'x-cache': 'MISS',
36 verbose headers   'x-cache-hits': '0',
36 verbose headers   'x-timer': 'S1459383768.755189,VS0,VE1244' }
37 verbose request invalidating /Users/parmactep/.npm/registry.npmjs.org/classname-mixin on PUT
38 error publish Failed PUT 403
39 verbose stack Error: "You cannot publish over the previously published version 0.0.1." : classname-mixin
39 verbose stack     at makeError (/usr/local/lib/node_modules/npm/node_modules/npm-registry-client/lib/request.js:264:12)
39 verbose stack     at CachingRegistryClient.<anonymous> (/usr/local/lib/node_modules/npm/node_modules/npm-registry-client/lib/request.js:252:14)
39 verbose stack     at Request._callback (/usr/local/lib/node_modules/npm/node_modules/npm-registry-client/lib/request.js:172:14)
39 verbose stack     at Request.self.callback (/usr/local/lib/node_modules/npm/node_modules/request/request.js:198:22)
39 verbose stack     at emitTwo (events.js:100:13)
39 verbose stack     at Request.emit (events.js:185:7)
39 verbose stack     at Request.<anonymous> (/usr/local/lib/node_modules/npm/node_modules/request/request.js:1035:10)
39 verbose stack     at emitOne (events.js:95:20)
39 verbose stack     at Request.emit (events.js:182:7)
39 verbose stack     at IncomingMessage.<anonymous> (/usr/local/lib/node_modules/npm/node_modules/request/request.js:962:12)
40 verbose statusCode 403
41 verbose pkgid classname-mixin
42 verbose cwd /Users/parmactep/www/public/classname-mixin
43 error Darwin 15.3.0
44 error argv "/usr/local/Cellar/node/5.7.0/bin/node" "/usr/local/bin/npm" "publish"
45 error node v5.7.0
46 error npm  v3.6.0
47 error code E403
48 error "You cannot publish over the previously published version 0.0.1." : classname-mixin
49 error If you need help, you may report this error at:
49 error     <https://github.com/npm/npm/issues>
50 verbose exit [ 1, true ]
